<?xml version="1.0" encoding="UTF-8"?>
<testng-results skipped="0" failed="0" ignored="0" total="1" passed="1">
  <reporter-output>
  </reporter-output>
  <suite name="Default suite" duration-ms="147176" started-at="2017-08-18T11:00:31Z" finished-at="2017-08-18T11:02:58Z">
    <groups>
    </groups>
    <test name="Default test" duration-ms="147176" started-at="2017-08-18T11:00:31Z" finished-at="2017-08-18T11:02:58Z">
      <class name="com.test.automation.uiAutomation.homepage.TC002_verifyRegistration">
        <test-method status="PASS" signature="setUp()[pri:0, instance:com.test.automation.uiAutomation.homepage.TC002_verifyRegistration@553f17c]" name="setUp" is-config="true" duration-ms="17349" started-at="2017-08-18T16:30:31Z" finished-at="2017-08-18T16:30:48Z">
          <reporter-output>
          </reporter-output>
        </test-method> <!-- setUp -->
        <test-method status="PASS" signature="testLogin()[pri:0, instance:com.test.automation.uiAutomation.homepage.TC002_verifyRegistration@553f17c]" name="testLogin" duration-ms="129681" started-at="2017-08-18T16:30:48Z" finished-at="2017-08-18T16:32:58Z">
          <reporter-output>
          </reporter-output>
        </test-method> <!-- testLogin -->
        <test-method status="PASS" signature="endTest()[pri:0, instance:com.test.automation.uiAutomation.homepage.TC002_verifyRegistration@553f17c]" name="endTest" is-config="true" duration-ms="124" started-at="2017-08-18T16:32:58Z" finished-at="2017-08-18T16:32:58Z">
          <reporter-output>
          </reporter-output>
        </test-method> <!-- endTest -->
      </class> <!-- com.test.automation.uiAutomation.homepage.TC002_verifyRegistration -->
    </test> <!-- Default test -->
  </suite> <!-- Default suite -->
</testng-results>
